[INFO ] 2019-09-02T08:00:47,044 [main] ServerKt - Starting ServerKt on julien-xps with PID 13599 (/home/julien/bin/caliper/packages/caliper-corda/cordapps/finance/clients/build/classes/kotlin/main started by julien in /home/julien/bin/caliper/packages/caliper-corda/cordapps/finance/clients)
[INFO ] 2019-09-02T08:00:47,053 [main] ServerKt - No active profile set, falling back to default profiles: default
[INFO ] 2019-09-02T08:00:47,099 [main] AnnotationConfigServletWebServerApplicationContext - Refreshing org.springframework.boot.web.servlet.context.AnnotationConfigServletWebServerApplicationContext@55787112: startup date [Mon Sep 02 10:00:47 CEST 2019]; root of context hierarchy
[INFO ] 2019-09-02T08:00:47,991 [main] TomcatWebServer - Tomcat initialized with port(s): 10050 (http)
[INFO ] 2019-09-02T08:00:48,004 [main] Http11NioProtocol - Initializing ProtocolHandler ["http-nio-10050"]
[INFO ] 2019-09-02T08:00:48,013 [main] StandardService - Starting service [Tomcat]
[INFO ] 2019-09-02T08:00:48,014 [main] StandardEngine - Starting Servlet Engine: Apache Tomcat/8.5.31
[INFO ] 2019-09-02T08:00:48,022 [localhost-startStop-1] AprLifecycleListener - The APR based Apache Tomcat Native library which allows optimal performance in production environments was not found on the java.library.path: [/usr/java/packages/lib/amd64:/usr/lib64:/lib64:/lib:/usr/lib]
[INFO ] 2019-09-02T08:00:48,104 [localhost-startStop-1] [/] - Initializing Spring embedded WebApplicationContext
[INFO ] 2019-09-02T08:00:48,104 [localhost-startStop-1] ContextLoader - Root WebApplicationContext: initialization completed in 1008 ms
[INFO ] 2019-09-02T08:00:48,192 [localhost-startStop-1] ServletRegistrationBean - Servlet dispatcherServlet mapped to [/]
[INFO ] 2019-09-02T08:00:48,196 [localhost-startStop-1] FilterRegistrationBean - Mapping filter: 'characterEncodingFilter' to: [/*]
[INFO ] 2019-09-02T08:00:48,197 [localhost-startStop-1] FilterRegistrationBean - Mapping filter: 'hiddenHttpMethodFilter' to: [/*]
[INFO ] 2019-09-02T08:00:48,198 [localhost-startStop-1] FilterRegistrationBean - Mapping filter: 'httpPutFormContentFilter' to: [/*]
[INFO ] 2019-09-02T08:00:48,198 [localhost-startStop-1] FilterRegistrationBean - Mapping filter: 'requestContextFilter' to: [/*]
[INFO ] 2019-09-02T08:00:49,008 [main] RPCClient - Failed Startup took 446 msec
[WARN ] 2019-09-02T08:00:49,009 [main] AnnotationConfigServletWebServerApplicationContext - Exception encountered during context initialization - cancelling refresh attempt: org.springframework.beans.factory.UnsatisfiedDependencyException: Error creating bean with name 'controller' defined in file [/home/julien/bin/caliper/packages/caliper-corda/cordapps/finance/clients/build/classes/kotlin/main/com/template/webserver/Controller.class]: Unsatisfied dependency expressed through constructor parameter 0; nested exception is org.springframework.beans.factory.BeanCreationException: Error creating bean with name 'nodeRPCConnection': Invocation of init method failed; nested exception is net.corda.client.rpc.RPCException: Cannot connect to server(s). Tried with all available servers.
[INFO ] 2019-09-02T08:00:49,012 [main] StandardService - Stopping service [Tomcat]
[INFO ] 2019-09-02T08:00:49,023 [main] ConditionEvaluationReportLoggingListener - 

Error starting ApplicationContext. To display the conditions report re-run your application with 'debug' enabled.
[ERROR] 2019-09-02T08:00:49,025 [main] SpringApplication - Application run failed
org.springframework.beans.factory.UnsatisfiedDependencyException: Error creating bean with name 'controller' defined in file [/home/julien/bin/caliper/packages/caliper-corda/cordapps/finance/clients/build/classes/kotlin/main/com/template/webserver/Controller.class]: Unsatisfied dependency expressed through constructor parameter 0; nested exception is org.springframework.beans.factory.BeanCreationException: Error creating bean with name 'nodeRPCConnection': Invocation of init method failed; nested exception is net.corda.client.rpc.RPCException: Cannot connect to server(s). Tried with all available servers.
	at org.springframework.beans.factory.support.ConstructorResolver.createArgumentArray(ConstructorResolver.java:729) ~[spring-beans-5.0.6.RELEASE.jar:5.0.6.RELEASE]
	at org.springframework.beans.factory.support.ConstructorResolver.autowireConstructor(ConstructorResolver.java:192) ~[spring-beans-5.0.6.RELEASE.jar:5.0.6.RELEASE]
	at org.springframework.beans.factory.support.AbstractAutowireCapableBeanFactory.autowireConstructor(AbstractAutowireCapableBeanFactory.java:1274) ~[spring-beans-5.0.6.RELEASE.jar:5.0.6.RELEASE]
	at org.springframework.beans.factory.support.AbstractAutowireCapableBeanFactory.createBeanInstance(AbstractAutowireCapableBeanFactory.java:1131) ~[spring-beans-5.0.6.RELEASE.jar:5.0.6.RELEASE]
	at org.springframework.beans.factory.support.AbstractAutowireCapableBeanFactory.doCreateBean(AbstractAutowireCapableBeanFactory.java:541) ~[spring-beans-5.0.6.RELEASE.jar:5.0.6.RELEASE]
	at org.springframework.beans.factory.support.AbstractAutowireCapableBeanFactory.createBean(AbstractAutowireCapableBeanFactory.java:501) ~[spring-beans-5.0.6.RELEASE.jar:5.0.6.RELEASE]
	at org.springframework.beans.factory.support.AbstractBeanFactory.lambda$doGetBean$0(AbstractBeanFactory.java:317) ~[spring-beans-5.0.6.RELEASE.jar:5.0.6.RELEASE]
	at org.springframework.beans.factory.support.DefaultSingletonBeanRegistry.getSingleton(DefaultSingletonBeanRegistry.java:228) ~[spring-beans-5.0.6.RELEASE.jar:5.0.6.RELEASE]
	at org.springframework.beans.factory.support.AbstractBeanFactory.doGetBean(AbstractBeanFactory.java:315) ~[spring-beans-5.0.6.RELEASE.jar:5.0.6.RELEASE]
	at org.springframework.beans.factory.support.AbstractBeanFactory.getBean(AbstractBeanFactory.java:199) ~[spring-beans-5.0.6.RELEASE.jar:5.0.6.RELEASE]
	at org.springframework.beans.factory.support.DefaultListableBeanFactory.preInstantiateSingletons(DefaultListableBeanFactory.java:760) ~[spring-beans-5.0.6.RELEASE.jar:5.0.6.RELEASE]
	at org.springframework.context.support.AbstractApplicationContext.finishBeanFactoryInitialization(AbstractApplicationContext.java:869) ~[spring-context-5.0.6.RELEASE.jar:5.0.6.RELEASE]
	at org.springframework.context.support.AbstractApplicationContext.refresh(AbstractApplicationContext.java:550) ~[spring-context-5.0.6.RELEASE.jar:5.0.6.RELEASE]
	at org.springframework.boot.web.servlet.context.ServletWebServerApplicationContext.refresh(ServletWebServerApplicationContext.java:140) ~[spring-boot-2.0.2.RELEASE.jar:2.0.2.RELEASE]
	at org.springframework.boot.SpringApplication.refresh(SpringApplication.java:759) [spring-boot-2.0.2.RELEASE.jar:2.0.2.RELEASE]
	at org.springframework.boot.SpringApplication.refreshContext(SpringApplication.java:395) [spring-boot-2.0.2.RELEASE.jar:2.0.2.RELEASE]
	at org.springframework.boot.SpringApplication.run(SpringApplication.java:327) [spring-boot-2.0.2.RELEASE.jar:2.0.2.RELEASE]
	at com.template.webserver.ServerKt.main(Server.kt:21) [main/:?]
Caused by: org.springframework.beans.factory.BeanCreationException: Error creating bean with name 'nodeRPCConnection': Invocation of init method failed; nested exception is net.corda.client.rpc.RPCException: Cannot connect to server(s). Tried with all available servers.
	at org.springframework.beans.factory.annotation.InitDestroyAnnotationBeanPostProcessor.postProcessBeforeInitialization(InitDestroyAnnotationBeanPostProcessor.java:138) ~[spring-beans-5.0.6.RELEASE.jar:5.0.6.RELEASE]
	at org.springframework.beans.factory.support.AbstractAutowireCapableBeanFactory.applyBeanPostProcessorsBeforeInitialization(AbstractAutowireCapableBeanFactory.java:422) ~[spring-beans-5.0.6.RELEASE.jar:5.0.6.RELEASE]
	at org.springframework.beans.factory.support.AbstractAutowireCapableBeanFactory.initializeBean(AbstractAutowireCapableBeanFactory.java:1698) ~[spring-beans-5.0.6.RELEASE.jar:5.0.6.RELEASE]
	at org.springframework.beans.factory.support.AbstractAutowireCapableBeanFactory.doCreateBean(AbstractAutowireCapableBeanFactory.java:579) ~[spring-beans-5.0.6.RELEASE.jar:5.0.6.RELEASE]
	at org.springframework.beans.factory.support.AbstractAutowireCapableBeanFactory.createBean(AbstractAutowireCapableBeanFactory.java:501) ~[spring-beans-5.0.6.RELEASE.jar:5.0.6.RELEASE]
	at org.springframework.beans.factory.support.AbstractBeanFactory.lambda$doGetBean$0(AbstractBeanFactory.java:317) ~[spring-beans-5.0.6.RELEASE.jar:5.0.6.RELEASE]
	at org.springframework.beans.factory.support.DefaultSingletonBeanRegistry.getSingleton(DefaultSingletonBeanRegistry.java:228) ~[spring-beans-5.0.6.RELEASE.jar:5.0.6.RELEASE]
	at org.springframework.beans.factory.support.AbstractBeanFactory.doGetBean(AbstractBeanFactory.java:315) ~[spring-beans-5.0.6.RELEASE.jar:5.0.6.RELEASE]
	at org.springframework.beans.factory.support.AbstractBeanFactory.getBean(AbstractBeanFactory.java:199) ~[spring-beans-5.0.6.RELEASE.jar:5.0.6.RELEASE]
	at org.springframework.beans.factory.config.DependencyDescriptor.resolveCandidate(DependencyDescriptor.java:251) ~[spring-beans-5.0.6.RELEASE.jar:5.0.6.RELEASE]
	at org.springframework.beans.factory.support.DefaultListableBeanFactory.doResolveDependency(DefaultListableBeanFactory.java:1138) ~[spring-beans-5.0.6.RELEASE.jar:5.0.6.RELEASE]
	at org.springframework.beans.factory.support.DefaultListableBeanFactory.resolveDependency(DefaultListableBeanFactory.java:1065) ~[spring-beans-5.0.6.RELEASE.jar:5.0.6.RELEASE]
	at org.springframework.beans.factory.support.ConstructorResolver.resolveAutowiredArgument(ConstructorResolver.java:815) ~[spring-beans-5.0.6.RELEASE.jar:5.0.6.RELEASE]
	at org.springframework.beans.factory.support.ConstructorResolver.createArgumentArray(ConstructorResolver.java:721) ~[spring-beans-5.0.6.RELEASE.jar:5.0.6.RELEASE]
	... 17 more
Caused by: net.corda.client.rpc.RPCException: Cannot connect to server(s). Tried with all available servers.
	at net.corda.client.rpc.internal.RPCClientProxyHandler.start(RPCClientProxyHandler.kt:218) ~[corda-rpc-4.0.jar:?]
	at net.corda.client.rpc.internal.RPCClient$start$1.invoke(RPCClient.kt:93) ~[corda-rpc-4.0.jar:?]
	at net.corda.client.rpc.internal.RPCClient$start$1.invoke(RPCClient.kt:32) ~[corda-rpc-4.0.jar:?]
	at net.corda.core.internal.InternalUtils.logElapsedTime(InternalUtils.kt:193) ~[corda-core-4.0.jar:?]
	at net.corda.core.internal.InternalUtils.logElapsedTime(InternalUtils.kt:183) ~[corda-core-4.0.jar:?]
	at net.corda.client.rpc.internal.RPCClient.start(RPCClient.kt:72) ~[corda-rpc-4.0.jar:?]
	at net.corda.client.rpc.CordaRPCClient.start(CordaRPCClient.kt:392) ~[corda-rpc-4.0.jar:?]
	at net.corda.client.rpc.CordaRPCClient.start(CordaRPCClient.kt:375) ~[corda-rpc-4.0.jar:?]
	at net.corda.client.rpc.CordaRPCClient.start(CordaRPCClient.kt:344) ~[corda-rpc-4.0.jar:?]
	at com.template.webserver.NodeRPCConnection.initialiseNodeRPCConnection(NodeRPCConnection.kt:47) ~[main/:?]
	at sun.reflect.NativeMethodAccessorImpl.invoke0(Native Method) ~[?:1.8.0_211]
	at sun.reflect.NativeMethodAccessorImpl.invoke(NativeMethodAccessorImpl.java:62) ~[?:1.8.0_211]
	at sun.reflect.DelegatingMethodAccessorImpl.invoke(DelegatingMethodAccessorImpl.java:43) ~[?:1.8.0_211]
	at java.lang.reflect.Method.invoke(Method.java:498) ~[?:1.8.0_211]
	at org.springframework.beans.factory.annotation.InitDestroyAnnotationBeanPostProcessor$LifecycleElement.invoke(InitDestroyAnnotationBeanPostProcessor.java:365) ~[spring-beans-5.0.6.RELEASE.jar:5.0.6.RELEASE]
	at org.springframework.beans.factory.annotation.InitDestroyAnnotationBeanPostProcessor$LifecycleMetadata.invokeInitMethods(InitDestroyAnnotationBeanPostProcessor.java:308) ~[spring-beans-5.0.6.RELEASE.jar:5.0.6.RELEASE]
	at org.springframework.beans.factory.annotation.InitDestroyAnnotationBeanPostProcessor.postProcessBeforeInitialization(InitDestroyAnnotationBeanPostProcessor.java:135) ~[spring-beans-5.0.6.RELEASE.jar:5.0.6.RELEASE]
	at org.springframework.beans.factory.support.AbstractAutowireCapableBeanFactory.applyBeanPostProcessorsBeforeInitialization(AbstractAutowireCapableBeanFactory.java:422) ~[spring-beans-5.0.6.RELEASE.jar:5.0.6.RELEASE]
	at org.springframework.beans.factory.support.AbstractAutowireCapableBeanFactory.initializeBean(AbstractAutowireCapableBeanFactory.java:1698) ~[spring-beans-5.0.6.RELEASE.jar:5.0.6.RELEASE]
	at org.springframework.beans.factory.support.AbstractAutowireCapableBeanFactory.doCreateBean(AbstractAutowireCapableBeanFactory.java:579) ~[spring-beans-5.0.6.RELEASE.jar:5.0.6.RELEASE]
	at org.springframework.beans.factory.support.AbstractAutowireCapableBeanFactory.createBean(AbstractAutowireCapableBeanFactory.java:501) ~[spring-beans-5.0.6.RELEASE.jar:5.0.6.RELEASE]
	at org.springframework.beans.factory.support.AbstractBeanFactory.lambda$doGetBean$0(AbstractBeanFactory.java:317) ~[spring-beans-5.0.6.RELEASE.jar:5.0.6.RELEASE]
	at org.springframework.beans.factory.support.DefaultSingletonBeanRegistry.getSingleton(DefaultSingletonBeanRegistry.java:228) ~[spring-beans-5.0.6.RELEASE.jar:5.0.6.RELEASE]
	at org.springframework.beans.factory.support.AbstractBeanFactory.doGetBean(AbstractBeanFactory.java:315) ~[spring-beans-5.0.6.RELEASE.jar:5.0.6.RELEASE]
	at org.springframework.beans.factory.support.AbstractBeanFactory.getBean(AbstractBeanFactory.java:199) ~[spring-beans-5.0.6.RELEASE.jar:5.0.6.RELEASE]
	at org.springframework.beans.factory.config.DependencyDescriptor.resolveCandidate(DependencyDescriptor.java:251) ~[spring-beans-5.0.6.RELEASE.jar:5.0.6.RELEASE]
	at org.springframework.beans.factory.support.DefaultListableBeanFactory.doResolveDependency(DefaultListableBeanFactory.java:1138) ~[spring-beans-5.0.6.RELEASE.jar:5.0.6.RELEASE]
	at org.springframework.beans.factory.support.DefaultListableBeanFactory.resolveDependency(DefaultListableBeanFactory.java:1065) ~[spring-beans-5.0.6.RELEASE.jar:5.0.6.RELEASE]
	at org.springframework.beans.factory.support.ConstructorResolver.resolveAutowiredArgument(ConstructorResolver.java:815) ~[spring-beans-5.0.6.RELEASE.jar:5.0.6.RELEASE]
	at org.springframework.beans.factory.support.ConstructorResolver.createArgumentArray(ConstructorResolver.java:721) ~[spring-beans-5.0.6.RELEASE.jar:5.0.6.RELEASE]
	... 17 more
Caused by: org.apache.activemq.artemis.api.core.ActiveMQNotConnectedException: AMQ119007: Cannot connect to server(s). Tried with all available servers.
	at org.apache.activemq.artemis.core.client.impl.ServerLocatorImpl.createSessionFactory(ServerLocatorImpl.java:797) ~[artemis-core-client-2.6.2.jar:2.6.2]
	at net.corda.client.rpc.internal.RPCClientProxyHandler.start(RPCClientProxyHandler.kt:216) ~[corda-rpc-4.0.jar:?]
	at net.corda.client.rpc.internal.RPCClient$start$1.invoke(RPCClient.kt:93) ~[corda-rpc-4.0.jar:?]
	at net.corda.client.rpc.internal.RPCClient$start$1.invoke(RPCClient.kt:32) ~[corda-rpc-4.0.jar:?]
	at net.corda.core.internal.InternalUtils.logElapsedTime(InternalUtils.kt:193) ~[corda-core-4.0.jar:?]
	at net.corda.core.internal.InternalUtils.logElapsedTime(InternalUtils.kt:183) ~[corda-core-4.0.jar:?]
	at net.corda.client.rpc.internal.RPCClient.start(RPCClient.kt:72) ~[corda-rpc-4.0.jar:?]
	at net.corda.client.rpc.CordaRPCClient.start(CordaRPCClient.kt:392) ~[corda-rpc-4.0.jar:?]
	at net.corda.client.rpc.CordaRPCClient.start(CordaRPCClient.kt:375) ~[corda-rpc-4.0.jar:?]
	at net.corda.client.rpc.CordaRPCClient.start(CordaRPCClient.kt:344) ~[corda-rpc-4.0.jar:?]
	at com.template.webserver.NodeRPCConnection.initialiseNodeRPCConnection(NodeRPCConnection.kt:47) ~[main/:?]
	at sun.reflect.NativeMethodAccessorImpl.invoke0(Native Method) ~[?:1.8.0_211]
	at sun.reflect.NativeMethodAccessorImpl.invoke(NativeMethodAccessorImpl.java:62) ~[?:1.8.0_211]
	at sun.reflect.DelegatingMethodAccessorImpl.invoke(DelegatingMethodAccessorImpl.java:43) ~[?:1.8.0_211]
	at java.lang.reflect.Method.invoke(Method.java:498) ~[?:1.8.0_211]
	at org.springframework.beans.factory.annotation.InitDestroyAnnotationBeanPostProcessor$LifecycleElement.invoke(InitDestroyAnnotationBeanPostProcessor.java:365) ~[spring-beans-5.0.6.RELEASE.jar:5.0.6.RELEASE]
	at org.springframework.beans.factory.annotation.InitDestroyAnnotationBeanPostProcessor$LifecycleMetadata.invokeInitMethods(InitDestroyAnnotationBeanPostProcessor.java:308) ~[spring-beans-5.0.6.RELEASE.jar:5.0.6.RELEASE]
	at org.springframework.beans.factory.annotation.InitDestroyAnnotationBeanPostProcessor.postProcessBeforeInitialization(InitDestroyAnnotationBeanPostProcessor.java:135) ~[spring-beans-5.0.6.RELEASE.jar:5.0.6.RELEASE]
	at org.springframework.beans.factory.support.AbstractAutowireCapableBeanFactory.applyBeanPostProcessorsBeforeInitialization(AbstractAutowireCapableBeanFactory.java:422) ~[spring-beans-5.0.6.RELEASE.jar:5.0.6.RELEASE]
	at org.springframework.beans.factory.support.AbstractAutowireCapableBeanFactory.initializeBean(AbstractAutowireCapableBeanFactory.java:1698) ~[spring-beans-5.0.6.RELEASE.jar:5.0.6.RELEASE]
	at org.springframework.beans.factory.support.AbstractAutowireCapableBeanFactory.doCreateBean(AbstractAutowireCapableBeanFactory.java:579) ~[spring-beans-5.0.6.RELEASE.jar:5.0.6.RELEASE]
	at org.springframework.beans.factory.support.AbstractAutowireCapableBeanFactory.createBean(AbstractAutowireCapableBeanFactory.java:501) ~[spring-beans-5.0.6.RELEASE.jar:5.0.6.RELEASE]
	at org.springframework.beans.factory.support.AbstractBeanFactory.lambda$doGetBean$0(AbstractBeanFactory.java:317) ~[spring-beans-5.0.6.RELEASE.jar:5.0.6.RELEASE]
	at org.springframework.beans.factory.support.DefaultSingletonBeanRegistry.getSingleton(DefaultSingletonBeanRegistry.java:228) ~[spring-beans-5.0.6.RELEASE.jar:5.0.6.RELEASE]
	at org.springframework.beans.factory.support.AbstractBeanFactory.doGetBean(AbstractBeanFactory.java:315) ~[spring-beans-5.0.6.RELEASE.jar:5.0.6.RELEASE]
	at org.springframework.beans.factory.support.AbstractBeanFactory.getBean(AbstractBeanFactory.java:199) ~[spring-beans-5.0.6.RELEASE.jar:5.0.6.RELEASE]
	at org.springframework.beans.factory.config.DependencyDescriptor.resolveCandidate(DependencyDescriptor.java:251) ~[spring-beans-5.0.6.RELEASE.jar:5.0.6.RELEASE]
	at org.springframework.beans.factory.support.DefaultListableBeanFactory.doResolveDependency(DefaultListableBeanFactory.java:1138) ~[spring-beans-5.0.6.RELEASE.jar:5.0.6.RELEASE]
	at org.springframework.beans.factory.support.DefaultListableBeanFactory.resolveDependency(DefaultListableBeanFactory.java:1065) ~[spring-beans-5.0.6.RELEASE.jar:5.0.6.RELEASE]
	at org.springframework.beans.factory.support.ConstructorResolver.resolveAutowiredArgument(ConstructorResolver.java:815) ~[spring-beans-5.0.6.RELEASE.jar:5.0.6.RELEASE]
	at org.springframework.beans.factory.support.ConstructorResolver.createArgumentArray(ConstructorResolver.java:721) ~[spring-beans-5.0.6.RELEASE.jar:5.0.6.RELEASE]
	... 17 more
